2025-07-30 13:19:19,756 - vinted_scanner.py - scan_all_topics():302 - INFO - 🔄 Resuming scanning after 45s break
2025-07-30 13:19:19,758 - vinted_scanner.py - random_delay():65 - INFO - Quick delay: 0.9s
2025-07-30 13:19:20,697 - vinted_scanner.py - scan_all_topics():330 - WARNING - ⚠️ 403 Forbidden #1 - IP rate limited
2025-07-30 13:19:20,697 - vinted_scanner.py - scan_all_topics():275 - INFO - 🔍 Scanning topic: Prada
2025-07-30 13:19:20,697 - vinted_scanner.py - random_delay():65 - INFO - Quick delay: 0.6s
2025-07-30 13:19:21,404 - vinted_scanner.py - scan_all_topics():330 - WARNING - ⚠️ 403 Forbidden #2 - IP rate limited
2025-07-30 13:19:21,404 - vinted_scanner.py - scan_all_topics():275 - INFO - 🔍 Scanning topic: Isaac Selam + Boris Bidjian
2025-07-30 13:19:21,404 - vinted_scanner.py - random_delay():65 - INFO - Quick delay: 1.0s
2025-07-30 13:19:22,513 - vinted_scanner.py - scan_all_topics():330 - WARNING - ⚠️ 403 Forbidden #3 - IP rate limited
2025-07-30 13:19:22,513 - vinted_scanner.py - scan_all_topics():275 - INFO - 🔍 Scanning topic: Maison Margiela + mm6
2025-07-30 13:19:22,513 - vinted_scanner.py - scan_all_topics():291 - WARNING - 🚫 IP blocked! Taking 45s break (errors: 3)
2025-07-30 13:20:07,611 - vinted_scanner.py - notify_ban_status():91 - INFO - Ban status notification sent: recovering
2025-07-30 13:20:07,612 - vinted_scanner.py - scan_all_topics():302 - INFO - 🔄 Resuming scanning after 45s break
2025-07-30 13:20:07,612 - vinted_scanner.py - random_delay():65 - INFO - Quick delay: 0.7s
2025-07-30 13:20:08,386 - vinted_scanner.py - scan_all_topics():330 - WARNING - ⚠️ 403 Forbidden #1 - IP rate limited
2025-07-30 13:20:08,386 - vinted_scanner.py - scan_all_topics():275 - INFO - 🔍 Scanning topic: Raf Simons + ALL
2025-07-30 13:20:08,386 - vinted_scanner.py - random_delay():65 - INFO - Quick delay: 0.8s
2025-07-30 13:20:09,272 - vinted_scanner.py - scan_all_topics():330 - WARNING - ⚠️ 403 Forbidden #2 - IP rate limited
2025-07-30 13:20:09,273 - vinted_scanner.py - scan_all_topics():275 - INFO - 🔍 Scanning topic: Alyx
2025-07-30 13:20:09,273 - vinted_scanner.py - random_delay():65 - INFO - Quick delay: 1.2s
2025-07-30 13:20:10,549 - vinted_scanner.py - scan_all_topics():330 - WARNING - ⚠️ 403 Forbidden #3 - IP rate limited
2025-07-30 13:20:10,550 - vinted_scanner.py - scan_all_topics():275 - INFO - 🔍 Scanning topic: Misbhv
2025-07-30 13:20:10,649 - vinted_scanner.py - notify_ban_status():91 - INFO - Ban status notification sent: blocked
2025-07-30 13:20:10,649 - vinted_scanner.py - scan_all_topics():291 - WARNING - 🚫 IP blocked! Taking 45s break (errors: 3)
2025-07-30 13:20:55,779 - vinted_scanner.py - notify_ban_status():91 - INFO - Ban status notification sent: recovering
2025-07-30 13:20:55,781 - vinted_scanner.py - scan_all_topics():302 - INFO - 🔄 Resuming scanning after 45s break
2025-07-30 13:20:55,781 - vinted_scanner.py - random_delay():65 - INFO - Quick delay: 1.1s
2025-07-30 13:20:56,912 - vinted_scanner.py - scan_all_topics():330 - WARNING - ⚠️ 403 Forbidden #1 - IP rate limited
2025-07-30 13:20:56,913 - vinted_scanner.py - scan_all_topics():275 - INFO - 🔍 Scanning topic: Y-3 and Y's
2025-07-30 13:20:56,913 - vinted_scanner.py - random_delay():65 - INFO - Quick delay: 0.8s
2025-07-30 13:20:57,767 - vinted_scanner.py - scan_all_topics():330 - WARNING - ⚠️ 403 Forbidden #2 - IP rate limited
2025-07-30 13:20:57,768 - vinted_scanner.py - scan_all_topics():275 - INFO - 🔍 Scanning topic: Japanese Items and LUX
2025-07-30 13:20:57,768 - vinted_scanner.py - random_delay():65 - INFO - Quick delay: 1.3s
2025-07-30 13:20:59,135 - vinted_scanner.py - scan_all_topics():330 - WARNING - ⚠️ 403 Forbidden #3 - IP rate limited
2025-07-30 13:20:59,135 - vinted_scanner.py - scan_all_topics():275 - INFO - 🔍 Scanning topic: Japanese Items and LUX #2 (типо кэрол, дорогая япония, анн демель и т.д.)
2025-07-30 13:20:59,135 - vinted_scanner.py - scan_all_topics():291 - WARNING - 🚫 IP blocked! Taking 45s break (errors: 3)
2025-07-30 13:21:44,258 - vinted_scanner.py - notify_ban_status():91 - INFO - Ban status notification sent: recovering
2025-07-30 13:21:44,260 - vinted_scanner.py - scan_all_topics():302 - INFO - 🔄 Resuming scanning after 45s break
2025-07-30 13:21:44,260 - vinted_scanner.py - random_delay():65 - INFO - Quick delay: 0.9s
2025-07-30 13:21:45,239 - vinted_scanner.py - scan_all_topics():330 - WARNING - ⚠️ 403 Forbidden #1 - IP rate limited
2025-07-30 13:21:45,239 - vinted_scanner.py - scan_all_topics():275 - INFO - 🔍 Scanning topic: Japanese Items and LUX #3 (том кром, дамир дома, крейг грин)
2025-07-30 13:21:45,239 - vinted_scanner.py - random_delay():65 - INFO - Quick delay: 0.5s
2025-07-30 13:21:45,837 - vinted_scanner.py - scan_all_topics():330 - WARNING - ⚠️ 403 Forbidden #2 - IP rate limited
2025-07-30 13:21:45,838 - vinted_scanner.py - scan_all_topics():275 - INFO - 🔍 Scanning topic: CDG + Junya
2025-07-30 13:21:45,838 - vinted_scanner.py - random_delay():65 - INFO - Quick delay: 0.6s
2025-07-30 13:21:46,548 - vinted_scanner.py - scan_all_topics():330 - WARNING - ⚠️ 403 Forbidden #3 - IP rate limited
2025-07-30 13:21:46,548 - vinted_scanner.py - scan_all_topics():275 - INFO - 🔍 Scanning topic: JPG + Helmut Lang
2025-07-30 13:21:46,653 - vinted_scanner.py - notify_ban_status():91 - INFO - Ban status notification sent: blocked
2025-07-30 13:21:46,654 - vinted_scanner.py - scan_all_topics():291 - WARNING - 🚫 IP blocked! Taking 45s break (errors: 3)
2025-07-30 13:22:31,775 - vinted_scanner.py - notify_ban_status():91 - INFO - Ban status notification sent: recovering
2025-07-30 13:22:31,777 - vinted_scanner.py - scan_all_topics():302 - INFO - 🔄 Resuming scanning after 45s break
2025-07-30 13:22:31,777 - vinted_scanner.py - random_delay():65 - INFO - Quick delay: 1.3s
2025-07-30 13:22:33,173 - vinted_scanner.py - scan_all_topics():330 - WARNING - ⚠️ 403 Forbidden #1 - IP rate limited
2025-07-30 13:22:33,174 - vinted_scanner.py - scan_all_topics():275 - INFO - 🔍 Scanning topic: New Rock & Swear
2025-07-30 13:22:33,174 - vinted_scanner.py - random_delay():65 - INFO - Quick delay: 0.7s
2025-07-30 13:22:33,884 - vinted_scanner.py - scan_all_topics():330 - WARNING - ⚠️ 403 Forbidden #2 - IP rate limited
2025-07-30 13:22:33,884 - vinted_scanner.py - scan_all_topics():275 - INFO - 🔍 Scanning topic: Gordon Jack
2025-07-30 13:22:33,884 - vinted_scanner.py - random_delay():65 - INFO - Quick delay: 0.7s
2025-07-30 13:22:34,609 - vinted_scanner.py - scan_all_topics():330 - WARNING - ⚠️ 403 Forbidden #3 - IP rate limited
2025-07-30 13:22:34,610 - vinted_scanner.py - scan_all_topics():275 - INFO - 🔍 Scanning topic: Dolce&Gabbana верх и аксессуары
2025-07-30 13:22:34,610 - vinted_scanner.py - scan_all_topics():291 - WARNING - 🚫 IP blocked! Taking 45s break (errors: 3)
2025-07-30 13:23:19,715 - vinted_scanner.py - notify_ban_status():91 - INFO - Ban status notification sent: recovering
2025-07-30 13:23:19,717 - vinted_scanner.py - scan_all_topics():302 - INFO - 🔄 Resuming scanning after 45s break
2025-07-30 13:23:19,717 - vinted_scanner.py - random_delay():65 - INFO - Quick delay: 0.6s
2025-07-30 13:23:20,335 - vinted_scanner.py - scan_all_topics():330 - WARNING - ⚠️ 403 Forbidden #1 - IP rate limited
2025-07-30 13:23:20,336 - vinted_scanner.py -   <module>():452 - INFO - ⚡ Next scan in 7s (Quick mode: 60 checks/hour)
2025-07-30 13:23:27,412 - vinted_scanner.py - random_delay():65 - INFO - Quick delay: 1.0s
2025-07-30 13:23:28,390 - vinted_scanner.py - scan_all_topics():275 - INFO - 🔍 Scanning topic: bags
2025-07-30 13:23:28,390 - vinted_scanner.py - random_delay():65 - INFO - Quick delay: 1.3s
2025-07-30 13:23:29,720 - vinted_scanner.py - scan_all_topics():330 - WARNING - ⚠️ 403 Forbidden #1 - IP rate limited
2025-07-30 13:23:29,721 - vinted_scanner.py - scan_all_topics():275 - INFO - 🔍 Scanning topic: bags 2
2025-07-30 13:23:29,721 - vinted_scanner.py - random_delay():65 - INFO - Quick delay: 1.4s
2025-07-30 13:23:31,245 - vinted_scanner.py - scan_all_topics():330 - WARNING - ⚠️ 403 Forbidden #2 - IP rate limited
2025-07-30 13:23:31,245 - vinted_scanner.py - scan_all_topics():275 - INFO - 🔍 Scanning topic: Alexander Wang Leather Bags
2025-07-30 13:23:31,245 - vinted_scanner.py - random_delay():65 - INFO - Quick delay: 0.9s
2025-07-30 13:23:32,264 - vinted_scanner.py - scan_all_topics():330 - WARNING - ⚠️ 403 Forbidden #3 - IP rate limited
2025-07-30 13:23:32,264 - vinted_scanner.py - scan_all_topics():275 - INFO - 🔍 Scanning topic: Rick Owens
2025-07-30 13:23:32,356 - vinted_scanner.py - notify_ban_status():91 - INFO - Ban status notification sent: blocked
2025-07-30 13:23:32,356 - vinted_scanner.py - scan_all_topics():291 - WARNING - 🚫 IP blocked! Taking 45s break (errors: 3)
2025-07-30 13:24:17,474 - vinted_scanner.py - notify_ban_status():91 - INFO - Ban status notification sent: recovering
2025-07-30 13:24:17,476 - vinted_scanner.py - scan_all_topics():302 - INFO - 🔄 Resuming scanning after 45s break
2025-07-30 13:24:17,476 - vinted_scanner.py - random_delay():65 - INFO - Quick delay: 0.5s
2025-07-30 13:24:18,071 - vinted_scanner.py - scan_all_topics():330 - WARNING - ⚠️ 403 Forbidden #1 - IP rate limited
2025-07-30 13:24:18,071 - vinted_scanner.py - scan_all_topics():275 - INFO - 🔍 Scanning topic: Prada
2025-07-30 13:24:18,071 - vinted_scanner.py - random_delay():65 - INFO - Quick delay: 1.2s
2025-07-30 13:24:19,305 - vinted_scanner.py - scan_all_topics():330 - WARNING - ⚠️ 403 Forbidden #2 - IP rate limited
2025-07-30 13:24:19,305 - vinted_scanner.py - scan_all_topics():275 - INFO - 🔍 Scanning topic: Isaac Selam + Boris Bidjian
2025-07-30 13:24:19,305 - vinted_scanner.py - random_delay():65 - INFO - Quick delay: 1.4s
2025-07-30 13:24:20,727 - vinted_scanner.py - scan_all_topics():330 - WARNING - ⚠️ 403 Forbidden #3 - IP rate limited
2025-07-30 13:24:20,728 - vinted_scanner.py - scan_all_topics():275 - INFO - 🔍 Scanning topic: Maison Margiela + mm6
2025-07-30 13:24:20,728 - vinted_scanner.py - scan_all_topics():291 - WARNING - 🚫 IP blocked! Taking 45s break (errors: 3)
2025-07-30 13:25:05,860 - vinted_scanner.py - notify_ban_status():91 - INFO - Ban status notification sent: recovering
2025-07-30 13:25:05,862 - vinted_scanner.py - scan_all_topics():302 - INFO - 🔄 Resuming scanning after 45s break
2025-07-30 13:25:05,862 - vinted_scanner.py - random_delay():65 - INFO - Quick delay: 1.4s
2025-07-30 13:25:07,362 - vinted_scanner.py - scan_all_topics():330 - WARNING - ⚠️ 403 Forbidden #1 - IP rate limited
2025-07-30 13:25:07,362 - vinted_scanner.py - scan_all_topics():275 - INFO - 🔍 Scanning topic: Raf Simons + ALL
2025-07-30 13:25:07,363 - vinted_scanner.py - random_delay():65 - INFO - Quick delay: 1.1s
2025-07-30 13:25:08,510 - vinted_scanner.py - scan_all_topics():330 - WARNING - ⚠️ 403 Forbidden #2 - IP rate limited
2025-07-30 13:25:08,510 - vinted_scanner.py - scan_all_topics():275 - INFO - 🔍 Scanning topic: Alyx
2025-07-30 13:25:08,510 - vinted_scanner.py - random_delay():65 - INFO - Quick delay: 1.3s
2025-07-30 13:25:09,847 - vinted_scanner.py - scan_all_topics():330 - WARNING - ⚠️ 403 Forbidden #3 - IP rate limited
2025-07-30 13:25:09,847 - vinted_scanner.py - scan_all_topics():275 - INFO - 🔍 Scanning topic: Misbhv
2025-07-30 13:25:09,957 - vinted_scanner.py - notify_ban_status():91 - INFO - Ban status notification sent: blocked
2025-07-30 13:25:09,958 - vinted_scanner.py - scan_all_topics():291 - WARNING - 🚫 IP blocked! Taking 45s break (errors: 3)
2025-07-30 13:25:55,081 - vinted_scanner.py - notify_ban_status():91 - INFO - Ban status notification sent: recovering
2025-07-30 13:25:55,082 - vinted_scanner.py - scan_all_topics():302 - INFO - 🔄 Resuming scanning after 45s break
2025-07-30 13:25:55,083 - vinted_scanner.py - random_delay():65 - INFO - Quick delay: 1.0s
2025-07-30 13:25:56,177 - vinted_scanner.py - scan_all_topics():330 - WARNING - ⚠️ 403 Forbidden #1 - IP rate limited
2025-07-30 13:25:56,177 - vinted_scanner.py - scan_all_topics():275 - INFO - 🔍 Scanning topic: Y-3 and Y's
2025-07-30 13:25:56,177 - vinted_scanner.py - random_delay():65 - INFO - Quick delay: 1.2s
2025-07-30 13:25:57,507 - vinted_scanner.py - scan_all_topics():330 - WARNING - ⚠️ 403 Forbidden #2 - IP rate limited
2025-07-30 13:25:57,508 - vinted_scanner.py - scan_all_topics():275 - INFO - 🔍 Scanning topic: Japanese Items and LUX
2025-07-30 13:25:57,508 - vinted_scanner.py - random_delay():65 - INFO - Quick delay: 1.1s
2025-07-30 13:25:58,704 - vinted_scanner.py - scan_all_topics():330 - WARNING - ⚠️ 403 Forbidden #3 - IP rate limited
2025-07-30 13:25:58,705 - vinted_scanner.py - scan_all_topics():275 - INFO - 🔍 Scanning topic: Japanese Items and LUX #2 (типо кэрол, дорогая япония, анн демель и т.д.)
2025-07-30 13:25:58,705 - vinted_scanner.py - scan_all_topics():291 - WARNING - 🚫 IP blocked! Taking 45s break (errors: 3)
2025-07-30 13:26:43,886 - vinted_scanner.py - notify_ban_status():91 - INFO - Ban status notification sent: recovering
2025-07-30 13:26:43,888 - vinted_scanner.py - scan_all_topics():302 - INFO - 🔄 Resuming scanning after 45s break
2025-07-30 13:26:43,889 - vinted_scanner.py - random_delay():65 - INFO - Quick delay: 0.9s
2025-07-30 13:26:44,917 - vinted_scanner.py - scan_all_topics():330 - WARNING - ⚠️ 403 Forbidden #1 - IP rate limited
2025-07-30 13:26:44,918 - vinted_scanner.py - scan_all_topics():275 - INFO - 🔍 Scanning topic: Japanese Items and LUX #3 (том кром, дамир дома, крейг грин)
2025-07-30 13:26:44,918 - vinted_scanner.py - random_delay():65 - INFO - Quick delay: 1.2s
2025-07-30 13:26:46,144 - vinted_scanner.py - scan_all_topics():330 - WARNING - ⚠️ 403 Forbidden #2 - IP rate limited
2025-07-30 13:26:46,145 - vinted_scanner.py - scan_all_topics():275 - INFO - 🔍 Scanning topic: CDG + Junya
2025-07-30 13:26:46,145 - vinted_scanner.py - random_delay():65 - INFO - Quick delay: 0.6s
2025-07-30 13:26:46,829 - vinted_scanner.py - scan_all_topics():330 - WARNING - ⚠️ 403 Forbidden #3 - IP rate limited
2025-07-30 13:26:46,829 - vinted_scanner.py - scan_all_topics():275 - INFO - 🔍 Scanning topic: JPG + Helmut Lang
2025-07-30 13:26:46,930 - vinted_scanner.py - notify_ban_status():91 - INFO - Ban status notification sent: blocked
2025-07-30 13:26:46,931 - vinted_scanner.py - scan_all_topics():291 - WARNING - 🚫 IP blocked! Taking 45s break (errors: 3)
2025-07-30 13:27:32,087 - vinted_scanner.py - notify_ban_status():91 - INFO - Ban status notification sent: recovering
2025-07-30 13:27:32,088 - vinted_scanner.py - scan_all_topics():302 - INFO - 🔄 Resuming scanning after 45s break
2025-07-30 13:27:32,088 - vinted_scanner.py - random_delay():65 - INFO - Quick delay: 1.4s
2025-07-30 13:27:33,532 - vinted_scanner.py - scan_all_topics():330 - WARNING - ⚠️ 403 Forbidden #1 - IP rate limited
2025-07-30 13:27:33,532 - vinted_scanner.py - scan_all_topics():275 - INFO - 🔍 Scanning topic: New Rock & Swear
2025-07-30 13:27:33,532 - vinted_scanner.py - random_delay():65 - INFO - Quick delay: 1.0s
2025-07-30 13:27:34,543 - vinted_scanner.py - scan_all_topics():330 - WARNING - ⚠️ 403 Forbidden #2 - IP rate limited
2025-07-30 13:27:34,543 - vinted_scanner.py - scan_all_topics():275 - INFO - 🔍 Scanning topic: Gordon Jack
2025-07-30 13:27:34,543 - vinted_scanner.py - random_delay():65 - INFO - Quick delay: 0.7s
2025-07-30 13:27:35,312 - vinted_scanner.py - scan_all_topics():330 - WARNING - ⚠️ 403 Forbidden #3 - IP rate limited
2025-07-30 13:27:35,313 - vinted_scanner.py - scan_all_topics():275 - INFO - 🔍 Scanning topic: Dolce&Gabbana верх и аксессуары
2025-07-30 13:27:35,313 - vinted_scanner.py - scan_all_topics():291 - WARNING - 🚫 IP blocked! Taking 45s break (errors: 3)
2025-07-30 13:28:20,423 - vinted_scanner.py - notify_ban_status():91 - INFO - Ban status notification sent: recovering
2025-07-30 13:28:20,425 - vinted_scanner.py - scan_all_topics():302 - INFO - 🔄 Resuming scanning after 45s break
2025-07-30 13:28:20,425 - vinted_scanner.py - random_delay():65 - INFO - Quick delay: 1.2s
2025-07-30 13:28:21,693 - vinted_scanner.py - scan_all_topics():330 - WARNING - ⚠️ 403 Forbidden #1 - IP rate limited
2025-07-30 13:28:21,693 - vinted_scanner.py -   <module>():452 - INFO - ⚡ Next scan in 7s (Quick mode: 60 checks/hour)
2025-07-30 13:28:28,761 - vinted_scanner.py - random_delay():65 - INFO - Quick delay: 0.6s
2025-07-30 13:28:29,322 - vinted_scanner.py - scan_all_topics():275 - INFO - 🔍 Scanning topic: bags
2025-07-30 13:28:29,323 - vinted_scanner.py - random_delay():65 - INFO - Quick delay: 0.8s
2025-07-30 13:28:30,228 - vinted_scanner.py - scan_all_topics():330 - WARNING - ⚠️ 403 Forbidden #1 - IP rate limited
2025-07-30 13:28:30,228 - vinted_scanner.py - scan_all_topics():275 - INFO - 🔍 Scanning topic: bags 2
2025-07-30 13:28:30,228 - vinted_scanner.py - random_delay():65 - INFO - Quick delay: 0.7s
2025-07-30 13:28:30,968 - vinted_scanner.py - scan_all_topics():330 - WARNING - ⚠️ 403 Forbidden #2 - IP rate limited
2025-07-30 13:28:30,968 - vinted_scanner.py - scan_all_topics():275 - INFO - 🔍 Scanning topic: Alexander Wang Leather Bags
2025-07-30 13:28:30,969 - vinted_scanner.py - random_delay():65 - INFO - Quick delay: 1.0s
2025-07-30 13:28:32,123 - vinted_scanner.py - scan_all_topics():330 - WARNING - ⚠️ 403 Forbidden #3 - IP rate limited
2025-07-30 13:28:32,123 - vinted_scanner.py - scan_all_topics():275 - INFO - 🔍 Scanning topic: Rick Owens
2025-07-30 13:28:32,263 - vinted_scanner.py - notify_ban_status():91 - INFO - Ban status notification sent: blocked
2025-07-30 13:28:32,264 - vinted_scanner.py - scan_all_topics():291 - WARNING - 🚫 IP blocked! Taking 45s break (errors: 3)
2025-07-30 13:29:17,428 - vinted_scanner.py - notify_ban_status():91 - INFO - Ban status notification sent: recovering
2025-07-30 13:29:17,431 - vinted_scanner.py - scan_all_topics():302 - INFO - 🔄 Resuming scanning after 45s break
2025-07-30 13:29:17,431 - vinted_scanner.py - random_delay():65 - INFO - Quick delay: 1.1s
2025-07-30 13:29:18,603 - vinted_scanner.py - scan_all_topics():330 - WARNING - ⚠️ 403 Forbidden #1 - IP rate limited
2025-07-30 13:29:18,604 - vinted_scanner.py - scan_all_topics():275 - INFO - 🔍 Scanning topic: Prada
2025-07-30 13:29:18,604 - vinted_scanner.py - random_delay():65 - INFO - Quick delay: 0.9s
2025-07-30 13:29:19,524 - vinted_scanner.py - scan_all_topics():330 - WARNING - ⚠️ 403 Forbidden #2 - IP rate limited
2025-07-30 13:29:19,524 - vinted_scanner.py - scan_all_topics():275 - INFO - 🔍 Scanning topic: Isaac Selam + Boris Bidjian
2025-07-30 13:29:19,524 - vinted_scanner.py - random_delay():65 - INFO - Quick delay: 0.6s
2025-07-30 13:29:20,164 - vinted_scanner.py - scan_all_topics():330 - WARNING - ⚠️ 403 Forbidden #3 - IP rate limited
2025-07-30 13:29:20,164 - vinted_scanner.py - scan_all_topics():275 - INFO - 🔍 Scanning topic: Maison Margiela + mm6
2025-07-30 13:29:20,164 - vinted_scanner.py - scan_all_topics():291 - WARNING - 🚫 IP blocked! Taking 45s break (errors: 3)
2025-07-30 13:30:05,349 - vinted_scanner.py - notify_ban_status():91 - INFO - Ban status notification sent: recovering
2025-07-30 13:30:05,351 - vinted_scanner.py - scan_all_topics():302 - INFO - 🔄 Resuming scanning after 45s break
2025-07-30 13:30:05,352 - vinted_scanner.py - random_delay():65 - INFO - Quick delay: 0.8s
2025-07-30 13:30:06,187 - vinted_scanner.py - scan_all_topics():330 - WARNING - ⚠️ 403 Forbidden #1 - IP rate limited
2025-07-30 13:30:06,187 - vinted_scanner.py - scan_all_topics():275 - INFO - 🔍 Scanning topic: Raf Simons + ALL
2025-07-30 13:30:06,187 - vinted_scanner.py - random_delay():65 - INFO - Quick delay: 1.0s
2025-07-30 13:30:07,237 - vinted_scanner.py - scan_all_topics():330 - WARNING - ⚠️ 403 Forbidden #2 - IP rate limited
2025-07-30 13:30:07,238 - vinted_scanner.py - scan_all_topics():275 - INFO - 🔍 Scanning topic: Alyx
2025-07-30 13:30:07,238 - vinted_scanner.py - random_delay():65 - INFO - Quick delay: 1.2s
2025-07-30 13:30:08,466 - vinted_scanner.py - scan_all_topics():330 - WARNING - ⚠️ 403 Forbidden #3 - IP rate limited
2025-07-30 13:30:08,467 - vinted_scanner.py - scan_all_topics():275 - INFO - 🔍 Scanning topic: Misbhv
2025-07-30 13:30:08,572 - vinted_scanner.py - notify_ban_status():91 - INFO - Ban status notification sent: blocked
2025-07-30 13:30:08,573 - vinted_scanner.py - scan_all_topics():291 - WARNING - 🚫 IP blocked! Taking 45s break (errors: 3)
2025-07-30 13:30:53,727 - vinted_scanner.py - notify_ban_status():91 - INFO - Ban status notification sent: recovering
2025-07-30 13:30:53,730 - vinted_scanner.py - scan_all_topics():302 - INFO - 🔄 Resuming scanning after 45s break
2025-07-30 13:30:53,731 - vinted_scanner.py - random_delay():65 - INFO - Quick delay: 0.7s
2025-07-30 13:30:54,577 - vinted_scanner.py - scan_all_topics():330 - WARNING - ⚠️ 403 Forbidden #1 - IP rate limited
2025-07-30 13:30:54,577 - vinted_scanner.py - scan_all_topics():275 - INFO - 🔍 Scanning topic: Y-3 and Y's
2025-07-30 13:30:54,578 - vinted_scanner.py - random_delay():65 - INFO - Quick delay: 0.5s
2025-07-30 13:30:55,155 - vinted_scanner.py - scan_all_topics():330 - WARNING - ⚠️ 403 Forbidden #2 - IP rate limited
2025-07-30 13:30:55,155 - vinted_scanner.py - scan_all_topics():275 - INFO - 🔍 Scanning topic: Japanese Items and LUX
2025-07-30 13:30:55,155 - vinted_scanner.py - random_delay():65 - INFO - Quick delay: 0.9s
2025-07-30 13:30:56,107 - vinted_scanner.py - scan_all_topics():330 - WARNING - ⚠️ 403 Forbidden #3 - IP rate limited
2025-07-30 13:30:56,107 - vinted_scanner.py - scan_all_topics():275 - INFO - 🔍 Scanning topic: Japanese Items and LUX #2 (типо кэрол, дорогая япония, анн демель и т.д.)
2025-07-30 13:30:56,107 - vinted_scanner.py - scan_all_topics():291 - WARNING - 🚫 IP blocked! Taking 45s break (errors: 3)
2025-07-30 13:31:41,286 - vinted_scanner.py - notify_ban_status():91 - INFO - Ban status notification sent: recovering
2025-07-30 13:31:41,286 - vinted_scanner.py - scan_all_topics():302 - INFO - 🔄 Resuming scanning after 45s break
2025-07-30 13:31:41,286 - vinted_scanner.py - random_delay():65 - INFO - Quick delay: 0.7s
2025-07-30 13:31:42,020 - vinted_scanner.py - scan_all_topics():330 - WARNING - ⚠️ 403 Forbidden #1 - IP rate limited
2025-07-30 13:31:42,021 - vinted_scanner.py - scan_all_topics():275 - INFO - 🔍 Scanning topic: Japanese Items and LUX #3 (том кром, дамир дома, крейг грин)
2025-07-30 13:31:42,021 - vinted_scanner.py - random_delay():65 - INFO - Quick delay: 1.3s
2025-07-30 13:31:43,384 - vinted_scanner.py - scan_all_topics():330 - WARNING - ⚠️ 403 Forbidden #2 - IP rate limited
2025-07-30 13:31:43,384 - vinted_scanner.py - scan_all_topics():275 - INFO - 🔍 Scanning topic: CDG + Junya
2025-07-30 13:31:43,384 - vinted_scanner.py - random_delay():65 - INFO - Quick delay: 1.4s
2025-07-30 13:31:44,879 - vinted_scanner.py - scan_all_topics():330 - WARNING - ⚠️ 403 Forbidden #3 - IP rate limited
2025-07-30 13:31:44,879 - vinted_scanner.py - scan_all_topics():275 - INFO - 🔍 Scanning topic: JPG + Helmut Lang
2025-07-30 13:31:45,004 - vinted_scanner.py - notify_ban_status():91 - INFO - Ban status notification sent: blocked
2025-07-30 13:31:45,005 - vinted_scanner.py - scan_all_topics():291 - WARNING - 🚫 IP blocked! Taking 45s break (errors: 3)
2025-07-30 13:32:04,280 - vinted_scanner.py - random_delay():65 - INFO - Quick delay: 1.2s
2025-07-30 13:32:05,513 - vinted_scanner.py - scan_all_topics():315 - INFO - 📊 Scanning 19 topics with delays 0.8-1.8s between requests
2025-07-30 13:32:05,513 - vinted_scanner.py - scan_all_topics():319 - INFO - 🔍 Scanning topic: bags
2025-07-30 13:32:05,514 - vinted_scanner.py - random_delay():65 - INFO - Quick delay: 0.8s
2025-07-30 13:32:06,375 - vinted_scanner.py - scan_all_topics():374 - WARNING - ⚠️ 403 Forbidden #1 - IP rate limited
2025-07-30 13:32:06,376 - vinted_scanner.py - scan_all_topics():319 - INFO - 🔍 Scanning topic: bags 2
2025-07-30 13:32:06,376 - vinted_scanner.py - random_delay():65 - INFO - Quick delay: 1.6s
2025-07-30 13:32:08,060 - vinted_scanner.py - scan_all_topics():374 - WARNING - ⚠️ 403 Forbidden #2 - IP rate limited
2025-07-30 13:32:08,060 - vinted_scanner.py - scan_all_topics():319 - INFO - 🔍 Scanning topic: Alexander Wang Leather Bags
2025-07-30 13:32:08,175 - vinted_scanner.py - notify_ban_status():91 - INFO - Ban status notification sent: blocked
2025-07-30 13:32:08,175 - vinted_scanner.py - scan_all_topics():335 - WARNING - 🚫 IP blocked! Taking 60s break (errors: 2)
2025-07-30 13:34:52,068 - vinted_scanner.py - random_delay():65 - INFO - Quick delay: 1.6s
2025-07-30 13:34:53,694 - vinted_scanner.py - scan_all_topics():315 - INFO - 📊 Scanning 19 topics with delays 1.4-2.8s between requests
2025-07-30 13:34:53,695 - vinted_scanner.py - scan_all_topics():319 - INFO - 🔍 Scanning topic: bags
2025-07-30 13:34:53,695 - vinted_scanner.py - random_delay():65 - INFO - Quick delay: 1.7s
2025-07-30 13:34:55,457 - vinted_scanner.py - scan_all_topics():374 - WARNING - ⚠️ 403 Forbidden #1 - IP rate limited
2025-07-30 13:34:55,457 - vinted_scanner.py - scan_all_topics():319 - INFO - 🔍 Scanning topic: bags 2
2025-07-30 13:34:55,457 - vinted_scanner.py - random_delay():65 - INFO - Quick delay: 1.9s
2025-07-30 13:34:57,463 - vinted_scanner.py - scan_all_topics():374 - WARNING - ⚠️ 403 Forbidden #2 - IP rate limited
2025-07-30 13:34:57,463 - vinted_scanner.py - scan_all_topics():319 - INFO - 🔍 Scanning topic: Alexander Wang Leather Bags
2025-07-30 13:34:57,575 - vinted_scanner.py - notify_ban_status():91 - INFO - Ban status notification sent: blocked
2025-07-30 13:34:57,576 - vinted_scanner.py - scan_all_topics():335 - WARNING - 🚫 IP blocked! Taking 60s break (errors: 2)
2025-07-30 13:36:47,807 - vinted_scanner.py - random_delay():65 - INFO - Quick delay: 2.9s
2025-07-30 13:36:50,735 - vinted_scanner.py - scan_all_topics():314 - INFO - 📊 Scanning 19 topics with delays 2.1-3.5s between requests
2025-07-30 13:36:50,735 - vinted_scanner.py - scan_all_topics():318 - INFO - 🔍 Scanning topic: bags
2025-07-30 13:36:50,736 - vinted_scanner.py - random_delay():65 - INFO - Quick delay: 3.0s
2025-07-30 13:36:53,812 - vinted_scanner.py - scan_all_topics():373 - WARNING - ⚠️ 403 Forbidden #1 - IP rate limited
2025-07-30 13:36:53,813 - vinted_scanner.py - scan_all_topics():318 - INFO - 🔍 Scanning topic: bags 2
2025-07-30 13:36:53,813 - vinted_scanner.py - random_delay():65 - INFO - Quick delay: 2.4s
2025-07-30 13:36:56,296 - vinted_scanner.py - scan_all_topics():373 - WARNING - ⚠️ 403 Forbidden #2 - IP rate limited
2025-07-30 13:36:56,296 - vinted_scanner.py - scan_all_topics():318 - INFO - 🔍 Scanning topic: Alexander Wang Leather Bags
2025-07-30 13:36:56,392 - vinted_scanner.py - notify_ban_status():91 - INFO - Ban status notification sent: blocked
2025-07-30 13:36:56,392 - vinted_scanner.py - scan_all_topics():334 - WARNING - 🚫 IP blocked! Taking 60s break (errors: 2)
2025-07-30 13:37:56,478 - vinted_scanner.py - notify_ban_status():91 - INFO - Ban status notification sent: recovering
2025-07-30 13:37:56,479 - vinted_scanner.py - scan_all_topics():345 - INFO - 🔄 Resuming scanning after 60s break
2025-07-30 13:37:56,479 - vinted_scanner.py - random_delay():65 - INFO - Quick delay: 2.4s
2025-07-30 13:37:58,976 - vinted_scanner.py - scan_all_topics():373 - WARNING - ⚠️ 403 Forbidden #1 - IP rate limited
2025-07-30 13:37:58,976 - vinted_scanner.py - scan_all_topics():318 - INFO - 🔍 Scanning topic: Rick Owens
2025-07-30 13:37:58,977 - vinted_scanner.py - random_delay():65 - INFO - Quick delay: 3.5s
2025-07-30 13:38:02,524 - vinted_scanner.py - scan_all_topics():373 - WARNING - ⚠️ 403 Forbidden #2 - IP rate limited
2025-07-30 13:38:02,525 - vinted_scanner.py - scan_all_topics():318 - INFO - 🔍 Scanning topic: Prada
2025-07-30 13:38:02,677 - vinted_scanner.py - notify_ban_status():91 - INFO - Ban status notification sent: blocked
2025-07-30 13:38:02,678 - vinted_scanner.py - scan_all_topics():334 - WARNING - 🚫 IP blocked! Taking 60s break (errors: 2)
2025-07-30 13:39:02,791 - vinted_scanner.py - notify_ban_status():91 - INFO - Ban status notification sent: recovering
2025-07-30 13:39:02,794 - vinted_scanner.py - scan_all_topics():345 - INFO - 🔄 Resuming scanning after 60s break
2025-07-30 13:39:02,794 - vinted_scanner.py - random_delay():65 - INFO - Quick delay: 2.2s
2025-07-30 13:39:05,097 - vinted_scanner.py - scan_all_topics():373 - WARNING - ⚠️ 403 Forbidden #1 - IP rate limited
2025-07-30 13:39:05,098 - vinted_scanner.py - scan_all_topics():318 - INFO - 🔍 Scanning topic: Isaac Selam + Boris Bidjian
2025-07-30 13:39:05,098 - vinted_scanner.py - random_delay():65 - INFO - Quick delay: 3.0s
2025-07-30 13:39:08,175 - vinted_scanner.py - scan_all_topics():373 - WARNING - ⚠️ 403 Forbidden #2 - IP rate limited
2025-07-30 13:39:08,176 - vinted_scanner.py - scan_all_topics():318 - INFO - 🔍 Scanning topic: Maison Margiela + mm6
2025-07-30 13:39:08,289 - vinted_scanner.py - notify_ban_status():91 - INFO - Ban status notification sent: blocked
2025-07-30 13:39:08,290 - vinted_scanner.py - scan_all_topics():334 - WARNING - 🚫 IP blocked! Taking 60s break (errors: 2)
2025-07-30 13:40:08,436 - vinted_scanner.py - notify_ban_status():91 - INFO - Ban status notification sent: recovering
2025-07-30 13:40:08,438 - vinted_scanner.py - scan_all_topics():345 - INFO - 🔄 Resuming scanning after 60s break
2025-07-30 13:40:08,438 - vinted_scanner.py - random_delay():65 - INFO - Quick delay: 3.0s
2025-07-30 13:40:11,528 - vinted_scanner.py - scan_all_topics():373 - WARNING - ⚠️ 403 Forbidden #1 - IP rate limited
2025-07-30 13:40:11,528 - vinted_scanner.py - scan_all_topics():318 - INFO - 🔍 Scanning topic: Raf Simons + ALL
2025-07-30 13:40:11,528 - vinted_scanner.py - random_delay():65 - INFO - Quick delay: 2.2s
2025-07-30 13:40:13,791 - vinted_scanner.py - scan_all_topics():373 - WARNING - ⚠️ 403 Forbidden #2 - IP rate limited
2025-07-30 13:40:13,791 - vinted_scanner.py - scan_all_topics():318 - INFO - 🔍 Scanning topic: Alyx
2025-07-30 13:40:13,932 - vinted_scanner.py - notify_ban_status():91 - INFO - Ban status notification sent: blocked
2025-07-30 13:40:13,933 - vinted_scanner.py - scan_all_topics():334 - WARNING - 🚫 IP blocked! Taking 60s break (errors: 2)
2025-07-30 13:41:14,062 - vinted_scanner.py - notify_ban_status():91 - INFO - Ban status notification sent: recovering
2025-07-30 13:41:14,064 - vinted_scanner.py - scan_all_topics():345 - INFO - 🔄 Resuming scanning after 60s break
2025-07-30 13:41:14,064 - vinted_scanner.py - random_delay():65 - INFO - Quick delay: 2.4s
2025-07-30 13:41:16,600 - vinted_scanner.py - scan_all_topics():373 - WARNING - ⚠️ 403 Forbidden #1 - IP rate limited
2025-07-30 13:41:16,600 - vinted_scanner.py - scan_all_topics():318 - INFO - 🔍 Scanning topic: Misbhv
2025-07-30 13:41:16,600 - vinted_scanner.py - random_delay():65 - INFO - Quick delay: 2.5s
2025-07-30 13:41:19,180 - vinted_scanner.py - scan_all_topics():373 - WARNING - ⚠️ 403 Forbidden #2 - IP rate limited
2025-07-30 13:41:19,181 - vinted_scanner.py - scan_all_topics():318 - INFO - 🔍 Scanning topic: Y-3 and Y's
2025-07-30 13:41:19,355 - vinted_scanner.py - notify_ban_status():91 - INFO - Ban status notification sent: blocked
2025-07-30 13:41:19,356 - vinted_scanner.py - scan_all_topics():334 - WARNING - 🚫 IP blocked! Taking 60s break (errors: 2)
2025-07-30 13:42:19,529 - vinted_scanner.py - notify_ban_status():91 - INFO - Ban status notification sent: recovering
2025-07-30 13:42:19,531 - vinted_scanner.py - scan_all_topics():345 - INFO - 🔄 Resuming scanning after 60s break
2025-07-30 13:42:19,531 - vinted_scanner.py - random_delay():65 - INFO - Quick delay: 3.2s
2025-07-30 13:42:22,816 - vinted_scanner.py - scan_all_topics():373 - WARNING - ⚠️ 403 Forbidden #1 - IP rate limited
2025-07-30 13:42:22,816 - vinted_scanner.py - scan_all_topics():318 - INFO - 🔍 Scanning topic: Japanese Items and LUX
2025-07-30 13:42:22,816 - vinted_scanner.py - random_delay():65 - INFO - Quick delay: 3.0s
2025-07-30 13:42:25,915 - vinted_scanner.py - scan_all_topics():373 - WARNING - ⚠️ 403 Forbidden #2 - IP rate limited
2025-07-30 13:42:25,915 - vinted_scanner.py - scan_all_topics():318 - INFO - 🔍 Scanning topic: Japanese Items and LUX #2 (типо кэрол, дорогая япония, анн демель и т.д.)
2025-07-30 13:42:26,021 - vinted_scanner.py - notify_ban_status():91 - INFO - Ban status notification sent: blocked
2025-07-30 13:42:26,022 - vinted_scanner.py - scan_all_topics():334 - WARNING - 🚫 IP blocked! Taking 60s break (errors: 2)
2025-07-30 13:43:26,221 - vinted_scanner.py - notify_ban_status():91 - INFO - Ban status notification sent: recovering
2025-07-30 13:43:26,223 - vinted_scanner.py - scan_all_topics():345 - INFO - 🔄 Resuming scanning after 60s break
2025-07-30 13:43:26,223 - vinted_scanner.py - random_delay():65 - INFO - Quick delay: 3.3s
2025-07-30 13:43:29,605 - vinted_scanner.py - scan_all_topics():373 - WARNING - ⚠️ 403 Forbidden #1 - IP rate limited
2025-07-30 13:43:29,605 - vinted_scanner.py - scan_all_topics():318 - INFO - 🔍 Scanning topic: Japanese Items and LUX #3 (том кром, дамир дома, крейг грин)
2025-07-30 13:43:29,605 - vinted_scanner.py - random_delay():65 - INFO - Quick delay: 2.4s
2025-07-30 13:43:32,130 - vinted_scanner.py - scan_all_topics():373 - WARNING - ⚠️ 403 Forbidden #2 - IP rate limited
2025-07-30 13:43:32,131 - vinted_scanner.py - scan_all_topics():318 - INFO - 🔍 Scanning topic: CDG + Junya
2025-07-30 13:43:32,348 - vinted_scanner.py - notify_ban_status():91 - INFO - Ban status notification sent: blocked
2025-07-30 13:43:32,348 - vinted_scanner.py - scan_all_topics():334 - WARNING - 🚫 IP blocked! Taking 60s break (errors: 2)
2025-07-30 13:44:32,500 - vinted_scanner.py - notify_ban_status():91 - INFO - Ban status notification sent: recovering
2025-07-30 13:44:32,501 - vinted_scanner.py - scan_all_topics():345 - INFO - 🔄 Resuming scanning after 60s break
2025-07-30 13:44:32,501 - vinted_scanner.py - random_delay():65 - INFO - Quick delay: 3.0s
2025-07-30 13:44:35,555 - vinted_scanner.py - scan_all_topics():373 - WARNING - ⚠️ 403 Forbidden #1 - IP rate limited
2025-07-30 13:44:35,556 - vinted_scanner.py - scan_all_topics():318 - INFO - 🔍 Scanning topic: JPG + Helmut Lang
2025-07-30 13:44:35,556 - vinted_scanner.py - random_delay():65 - INFO - Quick delay: 2.9s
2025-07-30 13:44:38,543 - vinted_scanner.py - scan_all_topics():373 - WARNING - ⚠️ 403 Forbidden #2 - IP rate limited
2025-07-30 13:44:38,543 - vinted_scanner.py - scan_all_topics():318 - INFO - 🔍 Scanning topic: New Rock & Swear
2025-07-30 13:44:38,690 - vinted_scanner.py - notify_ban_status():91 - INFO - Ban status notification sent: blocked
2025-07-30 13:44:38,690 - vinted_scanner.py - scan_all_topics():334 - WARNING - 🚫 IP blocked! Taking 60s break (errors: 2)
2025-07-30 13:45:38,815 - vinted_scanner.py - notify_ban_status():91 - INFO - Ban status notification sent: recovering
2025-07-30 13:45:38,817 - vinted_scanner.py - scan_all_topics():345 - INFO - 🔄 Resuming scanning after 60s break
2025-07-30 13:45:38,818 - vinted_scanner.py - random_delay():65 - INFO - Quick delay: 3.4s
2025-07-30 13:45:42,272 - vinted_scanner.py - scan_all_topics():373 - WARNING - ⚠️ 403 Forbidden #1 - IP rate limited
2025-07-30 13:45:42,272 - vinted_scanner.py - scan_all_topics():318 - INFO - 🔍 Scanning topic: Gordon Jack
2025-07-30 13:45:42,272 - vinted_scanner.py - random_delay():65 - INFO - Quick delay: 2.3s
2025-07-30 13:45:44,691 - vinted_scanner.py - scan_all_topics():373 - WARNING - ⚠️ 403 Forbidden #2 - IP rate limited
2025-07-30 13:45:44,691 - vinted_scanner.py - scan_all_topics():318 - INFO - 🔍 Scanning topic: Dolce&Gabbana верх и аксессуары
2025-07-30 13:45:44,804 - vinted_scanner.py - notify_ban_status():91 - INFO - Ban status notification sent: blocked
2025-07-30 13:45:44,805 - vinted_scanner.py - scan_all_topics():334 - WARNING - 🚫 IP blocked! Taking 60s break (errors: 2)
2025-07-30 13:46:44,928 - vinted_scanner.py - notify_ban_status():91 - INFO - Ban status notification sent: recovering
2025-07-30 13:46:44,930 - vinted_scanner.py - scan_all_topics():345 - INFO - 🔄 Resuming scanning after 60s break
2025-07-30 13:46:44,930 - vinted_scanner.py - random_delay():65 - INFO - Quick delay: 2.5s
2025-07-30 13:46:47,587 - vinted_scanner.py - scan_all_topics():373 - WARNING - ⚠️ 403 Forbidden #1 - IP rate limited
2025-07-30 13:46:47,588 - vinted_scanner.py -   <module>():523 - INFO - ⚡ Next scan in 34s (Safe fast mode: ~100 checks/hour)
2025-07-30 13:47:21,647 - vinted_scanner.py - random_delay():65 - INFO - Quick delay: 2.4s
2025-07-30 13:47:24,043 - vinted_scanner.py - scan_all_topics():314 - INFO - 📊 Scanning 19 topics with delays 2.1-3.5s between requests
2025-07-30 13:47:24,044 - vinted_scanner.py - scan_all_topics():318 - INFO - 🔍 Scanning topic: bags
2025-07-30 13:47:24,044 - vinted_scanner.py - random_delay():65 - INFO - Quick delay: 3.0s
2025-07-30 13:47:27,106 - vinted_scanner.py - scan_all_topics():373 - WARNING - ⚠️ 403 Forbidden #1 - IP rate limited
2025-07-30 13:47:27,106 - vinted_scanner.py - scan_all_topics():318 - INFO - 🔍 Scanning topic: bags 2
2025-07-30 13:47:27,106 - vinted_scanner.py - random_delay():65 - INFO - Quick delay: 2.3s
2025-07-30 13:47:29,454 - vinted_scanner.py - scan_all_topics():373 - WARNING - ⚠️ 403 Forbidden #2 - IP rate limited
2025-07-30 13:47:29,454 - vinted_scanner.py - scan_all_topics():318 - INFO - 🔍 Scanning topic: Alexander Wang Leather Bags
2025-07-30 13:47:29,626 - vinted_scanner.py - notify_ban_status():91 - INFO - Ban status notification sent: blocked
2025-07-30 13:47:29,627 - vinted_scanner.py - scan_all_topics():334 - WARNING - 🚫 IP blocked! Taking 60s break (errors: 2)
2025-07-30 13:48:29,767 - vinted_scanner.py - notify_ban_status():91 - INFO - Ban status notification sent: recovering
2025-07-30 13:48:29,769 - vinted_scanner.py - scan_all_topics():345 - INFO - 🔄 Resuming scanning after 60s break
2025-07-30 13:48:29,770 - vinted_scanner.py - random_delay():65 - INFO - Quick delay: 2.6s
2025-07-30 13:48:32,467 - vinted_scanner.py - scan_all_topics():373 - WARNING - ⚠️ 403 Forbidden #1 - IP rate limited
2025-07-30 13:48:32,467 - vinted_scanner.py - scan_all_topics():318 - INFO - 🔍 Scanning topic: Rick Owens
2025-07-30 13:48:32,467 - vinted_scanner.py - random_delay():65 - INFO - Quick delay: 2.6s
2025-07-30 13:48:35,116 - vinted_scanner.py - scan_all_topics():373 - WARNING - ⚠️ 403 Forbidden #2 - IP rate limited
2025-07-30 13:48:35,116 - vinted_scanner.py - scan_all_topics():318 - INFO - 🔍 Scanning topic: Prada
2025-07-30 13:48:35,239 - vinted_scanner.py - notify_ban_status():91 - INFO - Ban status notification sent: blocked
2025-07-30 13:48:35,240 - vinted_scanner.py - scan_all_topics():334 - WARNING - 🚫 IP blocked! Taking 60s break (errors: 2)
2025-07-30 13:49:35,358 - vinted_scanner.py - notify_ban_status():91 - INFO - Ban status notification sent: recovering
2025-07-30 13:49:35,360 - vinted_scanner.py - scan_all_topics():345 - INFO - 🔄 Resuming scanning after 60s break
2025-07-30 13:49:35,360 - vinted_scanner.py - random_delay():65 - INFO - Quick delay: 3.1s
2025-07-30 13:49:38,578 - vinted_scanner.py - scan_all_topics():373 - WARNING - ⚠️ 403 Forbidden #1 - IP rate limited
2025-07-30 13:49:38,578 - vinted_scanner.py - scan_all_topics():318 - INFO - 🔍 Scanning topic: Isaac Selam + Boris Bidjian
2025-07-30 13:49:38,578 - vinted_scanner.py - random_delay():65 - INFO - Quick delay: 3.3s
2025-07-30 13:49:41,938 - vinted_scanner.py - scan_all_topics():373 - WARNING - ⚠️ 403 Forbidden #2 - IP rate limited
2025-07-30 13:49:41,939 - vinted_scanner.py - scan_all_topics():318 - INFO - 🔍 Scanning topic: Maison Margiela + mm6
2025-07-30 13:49:42,035 - vinted_scanner.py - notify_ban_status():91 - INFO - Ban status notification sent: blocked
2025-07-30 13:49:42,035 - vinted_scanner.py - scan_all_topics():334 - WARNING - 🚫 IP blocked! Taking 60s break (errors: 2)
2025-07-30 13:50:42,150 - vinted_scanner.py - notify_ban_status():91 - INFO - Ban status notification sent: recovering
2025-07-30 13:50:42,151 - vinted_scanner.py - scan_all_topics():345 - INFO - 🔄 Resuming scanning after 60s break
2025-07-30 13:50:42,151 - vinted_scanner.py - random_delay():65 - INFO - Quick delay: 2.2s
